<?xml version="1.0" encoding="UTF-8"?>
<testng-results skipped="0" failed="0" ignored="0" total="1" passed="1">
  <reporter-output>
  </reporter-output>
  <suite name="Page Object Model" duration-ms="19828" started-at="2019-01-26T03:47:50Z" finished-at="2019-01-26T03:48:10Z">
    <groups>
    </groups>
    <test name="Login Test" duration-ms="19828" started-at="2019-01-26T03:47:50Z" finished-at="2019-01-26T03:48:10Z">
      <class name="testCases.LoginTest">
        <test-method status="PASS" signature="loginTest()[pri:0, instance:testCases.LoginTest@4fce136b]" name="loginTest" duration-ms="19316" started-at="2019-01-26T09:17:51Z" finished-at="2019-01-26T09:18:10Z">
          <reporter-output>
          </reporter-output>
        </test-method> <!-- loginTest -->
        <test-method status="PASS" signature="tearDown()[pri:0, instance:testCases.LoginTest@4fce136b]" name="tearDown" is-config="true" duration-ms="1849" started-at="2019-01-26T09:18:10Z" finished-at="2019-01-26T09:18:12Z">
          <reporter-output>
          </reporter-output>
        </test-method> <!-- tearDown -->
      </class> <!-- testCases.LoginTest -->
    </test> <!-- Login Test -->
  </suite> <!-- Page Object Model -->
</testng-results>
