<?xml version="1.0" encoding="UTF-8"?>
<!-- Generated by org.testng.reporters.JUnitXMLReporter -->
<testsuite hostname="BLR1-LHP-N04352" ignored="0" name="Test" tests="3" failures="1" timestamp="15 Jan 2019 06:59:52 GMT" time="12.846" errors="0">
  <testcase name="BrowserCLose" time="0.013" classname="seleniumTest.TestClasses">
    <failure type="java.lang.NullPointerException">
      <![CDATA[java.lang.NullPointerException
at seleniumTest.TestClasses.BrowserCLose(TestClasses.java:47)
... Removed 25 stack frames]]>
    </failure>
  </testcase> <!-- BrowserCLose -->
  <testcase name="openBrowser" time="8.77" classname="seleniumTest.TestClasses"/>
  <testcase name="searchAndAddToCart" time="4.026" classname="seleniumTest.TestClasses"/>
</testsuite> <!-- Test -->
