<?xml version="1.0" encoding="UTF-8"?>
<testng-results skipped="0" failed="0" total="1" passed="1">
  <reporter-output>
  </reporter-output>
  <suite name="Suite" duration-ms="47786" started-at="2019-01-14T07:17:46Z" finished-at="2019-01-14T07:18:34Z">
    <groups>
      <group name="cucumber">
        <method signature="AbstractTestNGCucumberTests.feature(cucumber.api.testng.CucumberFeatureWrapper)[pri:0, instance:runner.RunCuke@402a079c]" name="feature" class="cucumber.api.testng.AbstractTestNGCucumberTests"/>
      </group> <!-- cucumber -->
    </groups>
    <test name="Test" duration-ms="47786" started-at="2019-01-14T07:17:46Z" finished-at="2019-01-14T07:18:34Z">
      <class name="runner.RunCuke">
        <test-method status="PASS" signature="setUpClass()[pri:0, instance:runner.RunCuke@402a079c]" name="setUpClass" is-config="true" duration-ms="298" started-at="2019-01-14T12:47:46Z" finished-at="2019-01-14T12:47:46Z">
          <reporter-output>
          </reporter-output>
        </test-method> <!-- setUpClass -->
        <test-method status="PASS" signature="setup()[pri:0, instance:runner.RunCuke@402a079c]" name="setup" is-config="true" duration-ms="274" started-at="2019-01-14T12:47:46Z" finished-at="2019-01-14T12:47:47Z">
          <reporter-output>
          </reporter-output>
        </test-method> <!-- setup -->
        <test-method status="PASS" signature="feature(cucumber.api.testng.CucumberFeatureWrapper)[pri:0, instance:runner.RunCuke@402a079c]" name="feature" duration-ms="47008" started-at="2019-01-14T12:47:47Z" description="Runs Cucumber Feature" data-provider="features" finished-at="2019-01-14T12:48:34Z">
          <params>
            <param index="0">
              <value>
                <![CDATA[Acceptance testing to validate Used search cars options]]>
              </value>
            </param>
          </params>
          <reporter-output>
          </reporter-output>
        </test-method> <!-- feature -->
        <test-method status="PASS" signature="tearDownClass()[pri:0, instance:runner.RunCuke@402a079c]" name="tearDownClass" is-config="true" duration-ms="92" started-at="2019-01-14T12:48:34Z" finished-at="2019-01-14T12:48:34Z">
          <reporter-output>
          </reporter-output>
        </test-method> <!-- tearDownClass -->
      </class> <!-- runner.RunCuke -->
    </test> <!-- Test -->
  </suite> <!-- Suite -->
</testng-results>
