<?xml version="1.0" encoding="UTF-8"?>
<testng-results skipped="0" failed="1" ignored="0" total="3" passed="2">
  <reporter-output>
  </reporter-output>
  <suite name="Suite" duration-ms="12846" started-at="2019-01-15T06:59:40Z" finished-at="2019-01-15T06:59:52Z">
    <groups>
    </groups>
    <test name="Test" duration-ms="12846" started-at="2019-01-15T06:59:40Z" finished-at="2019-01-15T06:59:52Z">
      <class name="seleniumTest.TestClasses">
        <test-method status="FAIL" signature="BrowserCLose()[pri:0, instance:seleniumTest.TestClasses@491cc5c9]" name="BrowserCLose" duration-ms="13" started-at="2019-01-15T06:59:40Z" finished-at="2019-01-15T06:59:40Z">
          <exception class="java.lang.NullPointerException">
            <full-stacktrace>
              <![CDATA[java.lang.NullPointerException
at seleniumTest.TestClasses.BrowserCLose(TestClasses.java:47)
at sun.reflect.NativeMethodAccessorImpl.invoke0(Native Method)
at sun.reflect.NativeMethodAccessorImpl.invoke(NativeMethodAccessorImpl.java:62)
at sun.reflect.DelegatingMethodAccessorImpl.invoke(DelegatingMethodAccessorImpl.java:43)
at java.lang.reflect.Method.invoke(Method.java:498)
at org.testng.internal.MethodInvocationHelper.invokeMethod(MethodInvocationHelper.java:124)
at org.testng.internal.Invoker.invokeMethod(Invoker.java:580)
at org.testng.internal.Invoker.invokeTestMethod(Invoker.java:716)
at org.testng.internal.Invoker.invokeTestMethods(Invoker.java:988)
at org.testng.internal.TestMethodWorker.invokeTestMethods(TestMethodWorker.java:125)
at org.testng.internal.TestMethodWorker.run(TestMethodWorker.java:109)
at org.testng.TestRunner.privateRun(TestRunner.java:648)
at org.testng.TestRunner.run(TestRunner.java:505)
at org.testng.SuiteRunner.runTest(SuiteRunner.java:455)
at org.testng.SuiteRunner.runSequentially(SuiteRunner.java:450)
at org.testng.SuiteRunner.privateRun(SuiteRunner.java:415)
at org.testng.SuiteRunner.run(SuiteRunner.java:364)
at org.testng.SuiteRunnerWorker.runSuite(SuiteRunnerWorker.java:52)
at org.testng.SuiteRunnerWorker.run(SuiteRunnerWorker.java:84)
at org.testng.TestNG.runSuitesSequentially(TestNG.java:1208)
at org.testng.TestNG.runSuitesLocally(TestNG.java:1137)
at org.testng.TestNG.runSuites(TestNG.java:1049)
at org.testng.TestNG.run(TestNG.java:1017)
at org.testng.remote.AbstractRemoteTestNG.run(AbstractRemoteTestNG.java:114)
at org.testng.remote.RemoteTestNG.initAndRun(RemoteTestNG.java:251)
at org.testng.remote.RemoteTestNG.main(RemoteTestNG.java:77)
]]>
            </full-stacktrace>
          </exception> <!-- java.lang.NullPointerException -->
          <reporter-output>
          </reporter-output>
        </test-method> <!-- BrowserCLose -->
        <test-method status="PASS" signature="openBrowser()[pri:0, instance:seleniumTest.TestClasses@491cc5c9]" name="openBrowser" duration-ms="8770" started-at="2019-01-15T06:59:40Z" finished-at="2019-01-15T06:59:48Z">
          <reporter-output>
          </reporter-output>
        </test-method> <!-- openBrowser -->
        <test-method status="PASS" signature="searchAndAddToCart()[pri:0, instance:seleniumTest.TestClasses@491cc5c9]" name="searchAndAddToCart" duration-ms="4026" started-at="2019-01-15T06:59:48Z" finished-at="2019-01-15T06:59:52Z">
          <reporter-output>
          </reporter-output>
        </test-method> <!-- searchAndAddToCart -->
      </class> <!-- seleniumTest.TestClasses -->
    </test> <!-- Test -->
  </suite> <!-- Suite -->
</testng-results>
